2022/06/17 17:15:58 [error] [exception.CDbException] exception 'CDbException' with message 'CDbConnection failed to open the DB connection: SQLSTATE[HY000] [1045] Access denied for user 'root'@'localhost' (using password: NO)' in /Users/komadorihouse/yii/project/artists/framework/db/CDbConnection.php:399
Stack trace:
#0 /Users/komadorihouse/yii/project/artists/framework/db/CDbConnection.php(347): CDbConnection->open()
#1 /Users/komadorihouse/yii/project/artists/framework/db/CDbConnection.php(325): CDbConnection->setActive(true)
#2 /Users/komadorihouse/yii/project/artists/framework/base/CModule.php(394): CDbConnection->init()
#3 /Users/komadorihouse/yii/project/artists/framework/base/CModule.php(103): CModule->getComponent('db')
#4 /Users/komadorihouse/yii/project/artists/framework/gii/generators/model/ModelCode.php(60): CModule->__get('db')
#5 /Users/komadorihouse/yii/project/artists/framework/web/CFormModel.php(39): ModelCode->init()
#6 /Users/komadorihouse/yii/project/artists/framework/gii/CCodeGenerator.php(153): CFormModel->__construct()
#7 /Users/komadorihouse/yii/project/artists/framework/gii/CCodeGenerator.php(63): CCodeGenerator->prepare()
#8 /Users/komadorihouse/yii/project/artists/framework/web/actions/CInlineAction.php(49): CCodeGenerator->actionIndex()
#9 /Users/komadorihouse/yii/project/artists/framework/web/CController.php(308): CInlineAction->runWithParams(Array)
#10 /Users/komadorihouse/yii/project/artists/framework/web/CController.php(286): CController->runAction(Object(CInlineAction))
#11 /Users/komadorihouse/yii/project/artists/framework/web/CController.php(265): CController->runActionWithFilters(Object(CInlineAction), Array)
#12 /Users/komadorihouse/yii/project/artists/framework/web/CWebApplication.php(282): CController->run('index')
#13 /Users/komadorihouse/yii/project/artists/framework/web/CWebApplication.php(141): CWebApplication->runController('gii/model/index')
#14 /Users/komadorihouse/yii/project/artists/framework/base/CApplication.php(184): CWebApplication->processRequest()
#15 /Users/komadorihouse/yii/project/artists/index.php(13): CApplication->run()
#16 {main}
REQUEST_URI=/index.php?r=gii/model/index
HTTP_REFERER=http://artists.local/index.php?r=gii/default/index
---
2022/06/17 17:25:23 [error] [system.db.CDbCommand] CDbCommand::fetchAll() failed: SQLSTATE[42S22]: Column not found: 1054 Unknown column 'takuya' in 'where clause'. The SQL statement executed was: SELECT * FROM `Users` `t` WHERE name = `takuya` .
in /Users/komadorihouse/yii/project/artists/protected/controllers/SiteController.php (35)
in /Users/komadorihouse/yii/project/artists/index.php (13)
2022/06/17 17:25:23 [error] [exception.CDbException] exception 'CDbException' with message 'CDbCommand failed to execute the SQL statement: SQLSTATE[42S22]: Column not found: 1054 Unknown column 'takuya' in 'where clause'. The SQL statement executed was: SELECT * FROM `Users` `t` WHERE name = `takuya` ' in /Users/komadorihouse/yii/project/artists/framework/db/CDbCommand.php:543
Stack trace:
#0 /Users/komadorihouse/yii/project/artists/framework/db/CDbCommand.php(396): CDbCommand->queryInternal('fetchAll', Array, Array)
#1 /Users/komadorihouse/yii/project/artists/framework/db/ar/CActiveRecord.php(1356): CDbCommand->queryAll()
#2 /Users/komadorihouse/yii/project/artists/framework/db/ar/CActiveRecord.php(1475): CActiveRecord->query(Object(CDbCriteria), true)
#3 /Users/komadorihouse/yii/project/artists/protected/controllers/SiteController.php(35): CActiveRecord->findAll(Array)
#4 /Users/komadorihouse/yii/project/artists/framework/web/actions/CInlineAction.php(49): SiteController->actionIndex()
#5 /Users/komadorihouse/yii/project/artists/framework/web/CController.php(308): CInlineAction->runWithParams(Array)
#6 /Users/komadorihouse/yii/project/artists/framework/web/CController.php(286): CController->runAction(Object(CInlineAction))
#7 /Users/komadorihouse/yii/project/artists/framework/web/CController.php(265): CController->runActionWithFilters(Object(CInlineAction), Array)
#8 /Users/komadorihouse/yii/project/artists/framework/web/CWebApplication.php(282): CController->run('index')
#9 /Users/komadorihouse/yii/project/artists/framework/web/CWebApplication.php(141): CWebApplication->runController('site/index')
#10 /Users/komadorihouse/yii/project/artists/framework/base/CApplication.php(184): CWebApplication->processRequest()
#11 /Users/komadorihouse/yii/project/artists/index.php(13): CApplication->run()
#12 {main}
REQUEST_URI=/index.php?r=site/index
HTTP_REFERER=http://artists.local/index.php?r=site/page&view=about
---
2022/06/17 17:27:07 [error] [system.db.CDbCommand] CDbCommand::fetchAll() failed: SQLSTATE[42S22]: Column not found: 1054 Unknown column 'takuya' in 'where clause'. The SQL statement executed was: SELECT * FROM `Users` `t` WHERE name = `takuya` .
in /Users/komadorihouse/yii/project/artists/protected/controllers/SiteController.php (35)
in /Users/komadorihouse/yii/project/artists/index.php (13)
2022/06/17 17:27:07 [error] [exception.CDbException] exception 'CDbException' with message 'CDbCommand failed to execute the SQL statement: SQLSTATE[42S22]: Column not found: 1054 Unknown column 'takuya' in 'where clause'. The SQL statement executed was: SELECT * FROM `Users` `t` WHERE name = `takuya` ' in /Users/komadorihouse/yii/project/artists/framework/db/CDbCommand.php:543
Stack trace:
#0 /Users/komadorihouse/yii/project/artists/framework/db/CDbCommand.php(396): CDbCommand->queryInternal('fetchAll', Array, Array)
#1 /Users/komadorihouse/yii/project/artists/framework/db/ar/CActiveRecord.php(1356): CDbCommand->queryAll()
#2 /Users/komadorihouse/yii/project/artists/framework/db/ar/CActiveRecord.php(1475): CActiveRecord->query(Object(CDbCriteria), true)
#3 /Users/komadorihouse/yii/project/artists/protected/controllers/SiteController.php(35): CActiveRecord->findAll(Array)
#4 /Users/komadorihouse/yii/project/artists/framework/web/actions/CInlineAction.php(49): SiteController->actionIndex()
#5 /Users/komadorihouse/yii/project/artists/framework/web/CController.php(308): CInlineAction->runWithParams(Array)
#6 /Users/komadorihouse/yii/project/artists/framework/web/CController.php(286): CController->runAction(Object(CInlineAction))
#7 /Users/komadorihouse/yii/project/artists/framework/web/CController.php(265): CController->runActionWithFilters(Object(CInlineAction), Array)
#8 /Users/komadorihouse/yii/project/artists/framework/web/CWebApplication.php(282): CController->run('index')
#9 /Users/komadorihouse/yii/project/artists/framework/web/CWebApplication.php(141): CWebApplication->runController('site/index')
#10 /Users/komadorihouse/yii/project/artists/framework/base/CApplication.php(184): CWebApplication->processRequest()
#11 /Users/komadorihouse/yii/project/artists/index.php(13): CApplication->run()
#12 {main}
REQUEST_URI=/index.php?r=site/index
HTTP_REFERER=http://artists.local/index.php?r=site/page&view=about
---
2022/06/17 17:31:20 [error] [php] Trying to get property of non-object (/Users/komadorihouse/yii/project/artists/protected/views/site/index.php:7)
Stack trace:
#0 /Users/komadorihouse/yii/project/artists/framework/web/CController.php(869): SiteController->renderFile()
#1 /Users/komadorihouse/yii/project/artists/framework/web/CController.php(782): SiteController->renderPartial()
#2 /Users/komadorihouse/yii/project/artists/protected/controllers/SiteController.php(38): SiteController->render()
#3 /Users/komadorihouse/yii/project/artists/framework/web/actions/CInlineAction.php(49): SiteController->actionIndex()
#4 /Users/komadorihouse/yii/project/artists/framework/web/CController.php(308): CInlineAction->runWithParams()
#5 /Users/komadorihouse/yii/project/artists/framework/web/CController.php(286): SiteController->runAction()
#6 /Users/komadorihouse/yii/project/artists/framework/web/CController.php(265): SiteController->runActionWithFilters()
#7 /Users/komadorihouse/yii/project/artists/framework/web/CWebApplication.php(282): SiteController->run()
#8 /Users/komadorihouse/yii/project/artists/framework/web/CWebApplication.php(141): CWebApplication->runController()
#9 /Users/komadorihouse/yii/project/artists/framework/base/CApplication.php(184): CWebApplication->processRequest()
#10 /Users/komadorihouse/yii/project/artists/index.php(13): CWebApplication->run()
REQUEST_URI=/index.php?r=site/index
in /Users/komadorihouse/yii/project/artists/protected/views/site/index.php (7)
in /Users/komadorihouse/yii/project/artists/protected/controllers/SiteController.php (38)
in /Users/komadorihouse/yii/project/artists/index.php (13)
2022/06/17 17:33:51 [error] [php] Trying to get property of non-object (/Users/komadorihouse/yii/project/artists/protected/views/site/index.php:7)
Stack trace:
#0 /Users/komadorihouse/yii/project/artists/framework/web/CController.php(869): SiteController->renderFile()
#1 /Users/komadorihouse/yii/project/artists/framework/web/CController.php(782): SiteController->renderPartial()
#2 /Users/komadorihouse/yii/project/artists/protected/controllers/SiteController.php(38): SiteController->render()
#3 /Users/komadorihouse/yii/project/artists/framework/web/actions/CInlineAction.php(49): SiteController->actionIndex()
#4 /Users/komadorihouse/yii/project/artists/framework/web/CController.php(308): CInlineAction->runWithParams()
#5 /Users/komadorihouse/yii/project/artists/framework/web/CController.php(286): SiteController->runAction()
#6 /Users/komadorihouse/yii/project/artists/framework/web/CController.php(265): SiteController->runActionWithFilters()
#7 /Users/komadorihouse/yii/project/artists/framework/web/CWebApplication.php(282): SiteController->run()
#8 /Users/komadorihouse/yii/project/artists/framework/web/CWebApplication.php(141): CWebApplication->runController()
#9 /Users/komadorihouse/yii/project/artists/framework/base/CApplication.php(184): CWebApplication->processRequest()
#10 /Users/komadorihouse/yii/project/artists/index.php(13): CWebApplication->run()
REQUEST_URI=/index.php?r=site/index
in /Users/komadorihouse/yii/project/artists/protected/views/site/index.php (7)
in /Users/komadorihouse/yii/project/artists/protected/controllers/SiteController.php (38)
in /Users/komadorihouse/yii/project/artists/index.php (13)
